CRITICAL - 2024-07-17 10:33:43 --> Error: Undefined constant "App\Controllers\classroomName"
[Method: POST, Route: bookings/create]
in APPPATH\Controllers\Bookings.php on line 22.
 1 SYSTEMPATH\CodeIgniter.php(933): App\Controllers\Bookings->create()
 2 SYSTEMPATH\CodeIgniter.php(509): CodeIgniter\CodeIgniter->runController(Object(App\Controllers\Bookings))
 3 SYSTEMPATH\CodeIgniter.php(355): CodeIgniter\CodeIgniter->handleRequest(null, Object(Config\Cache), false)
 4 SYSTEMPATH\Boot.php(325): CodeIgniter\CodeIgniter->run()
 5 SYSTEMPATH\Boot.php(67): CodeIgniter\Boot::runCodeIgniter(Object(CodeIgniter\CodeIgniter))
 6 FCPATH\index.php(56): CodeIgniter\Boot::bootWeb(Object(Config\Paths))
CRITICAL - 2024-07-17 10:34:09 --> ErrorException: Undefined array key "classroom_name"
[Method: POST, Route: bookings/create]
in APPPATH\Controllers\Bookings.php on line 16.
 1 APPPATH\Controllers\Bookings.php(16): CodeIgniter\Debug\Exceptions->errorHandler(2, 'Undefined array key "classroom_name"', 'D:\\xampp\\htdocs\\math-classes\\app\\Controllers\\Bookings.php', 16)
 2 SYSTEMPATH\CodeIgniter.php(933): App\Controllers\Bookings->create()
 3 SYSTEMPATH\CodeIgniter.php(509): CodeIgniter\CodeIgniter->runController(Object(App\Controllers\Bookings))
 4 SYSTEMPATH\CodeIgniter.php(355): CodeIgniter\CodeIgniter->handleRequest(null, Object(Config\Cache), false)
 5 SYSTEMPATH\Boot.php(325): CodeIgniter\CodeIgniter->run()
 6 SYSTEMPATH\Boot.php(67): CodeIgniter\Boot::runCodeIgniter(Object(CodeIgniter\CodeIgniter))
 7 FCPATH\index.php(56): CodeIgniter\Boot::bootWeb(Object(Config\Paths))
CRITICAL - 2024-07-17 10:34:33 --> ErrorException: Undefined array key "classroom_name"
[Method: POST, Route: bookings/create]
in APPPATH\Controllers\Bookings.php on line 16.
 1 APPPATH\Controllers\Bookings.php(16): CodeIgniter\Debug\Exceptions->errorHandler(2, 'Undefined array key "classroom_name"', 'D:\\xampp\\htdocs\\math-classes\\app\\Controllers\\Bookings.php', 16)
 2 SYSTEMPATH\CodeIgniter.php(933): App\Controllers\Bookings->create()
 3 SYSTEMPATH\CodeIgniter.php(509): CodeIgniter\CodeIgniter->runController(Object(App\Controllers\Bookings))
 4 SYSTEMPATH\CodeIgniter.php(355): CodeIgniter\CodeIgniter->handleRequest(null, Object(Config\Cache), false)
 5 SYSTEMPATH\Boot.php(325): CodeIgniter\CodeIgniter->run()
 6 SYSTEMPATH\Boot.php(67): CodeIgniter\Boot::runCodeIgniter(Object(CodeIgniter\CodeIgniter))
 7 FCPATH\index.php(56): CodeIgniter\Boot::bootWeb(Object(Config\Paths))
CRITICAL - 2024-07-17 10:34:35 --> ErrorException: Undefined array key "classroom_name"
[Method: POST, Route: bookings/create]
in APPPATH\Controllers\Bookings.php on line 16.
 1 APPPATH\Controllers\Bookings.php(16): CodeIgniter\Debug\Exceptions->errorHandler(2, 'Undefined array key "classroom_name"', 'D:\\xampp\\htdocs\\math-classes\\app\\Controllers\\Bookings.php', 16)
 2 SYSTEMPATH\CodeIgniter.php(933): App\Controllers\Bookings->create()
 3 SYSTEMPATH\CodeIgniter.php(509): CodeIgniter\CodeIgniter->runController(Object(App\Controllers\Bookings))
 4 SYSTEMPATH\CodeIgniter.php(355): CodeIgniter\CodeIgniter->handleRequest(null, Object(Config\Cache), false)
 5 SYSTEMPATH\Boot.php(325): CodeIgniter\CodeIgniter->run()
 6 SYSTEMPATH\Boot.php(67): CodeIgniter\Boot::runCodeIgniter(Object(CodeIgniter\CodeIgniter))
 7 FCPATH\index.php(56): CodeIgniter\Boot::bootWeb(Object(Config\Paths))
CRITICAL - 2024-07-17 10:34:43 --> ErrorException: Undefined array key "classroom_name"
[Method: POST, Route: bookings/create]
in APPPATH\Controllers\Bookings.php on line 16.
 1 APPPATH\Controllers\Bookings.php(16): CodeIgniter\Debug\Exceptions->errorHandler(2, 'Undefined array key "classroom_name"', 'D:\\xampp\\htdocs\\math-classes\\app\\Controllers\\Bookings.php', 16)
 2 SYSTEMPATH\CodeIgniter.php(933): App\Controllers\Bookings->create()
 3 SYSTEMPATH\CodeIgniter.php(509): CodeIgniter\CodeIgniter->runController(Object(App\Controllers\Bookings))
 4 SYSTEMPATH\CodeIgniter.php(355): CodeIgniter\CodeIgniter->handleRequest(null, Object(Config\Cache), false)
 5 SYSTEMPATH\Boot.php(325): CodeIgniter\CodeIgniter->run()
 6 SYSTEMPATH\Boot.php(67): CodeIgniter\Boot::runCodeIgniter(Object(CodeIgniter\CodeIgniter))
 7 FCPATH\index.php(56): CodeIgniter\Boot::bootWeb(Object(Config\Paths))
CRITICAL - 2024-07-17 10:36:05 --> ErrorException: Undefined array key "classroom_name"
[Method: POST, Route: bookings/create]
in APPPATH\Controllers\Bookings.php on line 16.
 1 APPPATH\Controllers\Bookings.php(16): CodeIgniter\Debug\Exceptions->errorHandler(2, 'Undefined array key "classroom_name"', 'D:\\xampp\\htdocs\\math-classes\\app\\Controllers\\Bookings.php', 16)
 2 SYSTEMPATH\CodeIgniter.php(933): App\Controllers\Bookings->create()
 3 SYSTEMPATH\CodeIgniter.php(509): CodeIgniter\CodeIgniter->runController(Object(App\Controllers\Bookings))
 4 SYSTEMPATH\CodeIgniter.php(355): CodeIgniter\CodeIgniter->handleRequest(null, Object(Config\Cache), false)
 5 SYSTEMPATH\Boot.php(325): CodeIgniter\CodeIgniter->run()
 6 SYSTEMPATH\Boot.php(67): CodeIgniter\Boot::runCodeIgniter(Object(CodeIgniter\CodeIgniter))
 7 FCPATH\index.php(56): CodeIgniter\Boot::bootWeb(Object(Config\Paths))
CRITICAL - 2024-07-17 10:36:14 --> Error: Undefined constant "App\Controllers\this"
[Method: POST, Route: bookings/create]
in APPPATH\Controllers\Bookings.php on line 16.
 1 SYSTEMPATH\CodeIgniter.php(933): App\Controllers\Bookings->create()
 2 SYSTEMPATH\CodeIgniter.php(509): CodeIgniter\CodeIgniter->runController(Object(App\Controllers\Bookings))
 3 SYSTEMPATH\CodeIgniter.php(355): CodeIgniter\CodeIgniter->handleRequest(null, Object(Config\Cache), false)
 4 SYSTEMPATH\Boot.php(325): CodeIgniter\CodeIgniter->run()
 5 SYSTEMPATH\Boot.php(67): CodeIgniter\Boot::runCodeIgniter(Object(CodeIgniter\CodeIgniter))
 6 FCPATH\index.php(56): CodeIgniter\Boot::bootWeb(Object(Config\Paths))
CRITICAL - 2024-07-17 11:26:03 --> ErrorException: Undefined array key "booking_time"
[Method: POST, Route: bookings/create]
in APPPATH\Controllers\Bookings.php on line 24.
 1 APPPATH\Controllers\Bookings.php(24): CodeIgniter\Debug\Exceptions->errorHandler(2, 'Undefined array key "booking_time"', 'D:\\xampp\\htdocs\\math-classes\\app\\Controllers\\Bookings.php', 24)
 2 SYSTEMPATH\CodeIgniter.php(933): App\Controllers\Bookings->create()
 3 SYSTEMPATH\CodeIgniter.php(509): CodeIgniter\CodeIgniter->runController(Object(App\Controllers\Bookings))
 4 SYSTEMPATH\CodeIgniter.php(355): CodeIgniter\CodeIgniter->handleRequest(null, Object(Config\Cache), false)
 5 SYSTEMPATH\Boot.php(325): CodeIgniter\CodeIgniter->run()
 6 SYSTEMPATH\Boot.php(67): CodeIgniter\Boot::runCodeIgniter(Object(CodeIgniter\CodeIgniter))
 7 FCPATH\index.php(56): CodeIgniter\Boot::bootWeb(Object(Config\Paths))
CRITICAL - 2024-07-17 11:27:33 --> ErrorException: Trying to access array offset on value of type null
[Method: GET, Route: bookings/total_students]
in APPPATH\Controllers\Bookings.php on line 106.
 1 APPPATH\Controllers\Bookings.php(106): CodeIgniter\Debug\Exceptions->errorHandler(2, 'Trying to access array offset on value of type null', 'D:\\xampp\\htdocs\\math-classes\\app\\Controllers\\Bookings.php', 106)
 2 SYSTEMPATH\CodeIgniter.php(933): App\Controllers\Bookings->totalStudents()
 3 SYSTEMPATH\CodeIgniter.php(509): CodeIgniter\CodeIgniter->runController(Object(App\Controllers\Bookings))
 4 SYSTEMPATH\CodeIgniter.php(355): CodeIgniter\CodeIgniter->handleRequest(null, Object(Config\Cache), false)
 5 SYSTEMPATH\Boot.php(325): CodeIgniter\CodeIgniter->run()
 6 SYSTEMPATH\Boot.php(67): CodeIgniter\Boot::runCodeIgniter(Object(CodeIgniter\CodeIgniter))
 7 FCPATH\index.php(56): CodeIgniter\Boot::bootWeb(Object(Config\Paths))
CRITICAL - 2024-07-17 11:39:59 --> ArgumentCountError: Too few arguments to function App\Controllers\Classrooms::getClassroomByName(), 0 passed in D:\xampp\htdocs\math-classes\system\CodeIgniter.php on line 933 and exactly 1 expected
[Method: GET, Route: classrooms/classroomname]
in APPPATH\Controllers\Classrooms.php on line 34.
 1 SYSTEMPATH\CodeIgniter.php(933): App\Controllers\Classrooms->getClassroomByName()
 2 SYSTEMPATH\CodeIgniter.php(509): CodeIgniter\CodeIgniter->runController(Object(App\Controllers\Classrooms))
 3 SYSTEMPATH\CodeIgniter.php(355): CodeIgniter\CodeIgniter->handleRequest(null, Object(Config\Cache), false)
 4 SYSTEMPATH\Boot.php(325): CodeIgniter\CodeIgniter->run()
 5 SYSTEMPATH\Boot.php(67): CodeIgniter\Boot::runCodeIgniter(Object(CodeIgniter\CodeIgniter))
 6 FCPATH\index.php(56): CodeIgniter\Boot::bootWeb(Object(Config\Paths))
CRITICAL - 2024-07-17 11:40:08 --> ArgumentCountError: Too few arguments to function App\Controllers\Classrooms::getClassroomByName(), 0 passed in D:\xampp\htdocs\math-classes\system\CodeIgniter.php on line 933 and exactly 1 expected
[Method: GET, Route: classrooms/classroomname]
in APPPATH\Controllers\Classrooms.php on line 34.
 1 SYSTEMPATH\CodeIgniter.php(933): App\Controllers\Classrooms->getClassroomByName()
 2 SYSTEMPATH\CodeIgniter.php(509): CodeIgniter\CodeIgniter->runController(Object(App\Controllers\Classrooms))
 3 SYSTEMPATH\CodeIgniter.php(355): CodeIgniter\CodeIgniter->handleRequest(null, Object(Config\Cache), false)
 4 SYSTEMPATH\Boot.php(325): CodeIgniter\CodeIgniter->run()
 5 SYSTEMPATH\Boot.php(67): CodeIgniter\Boot::runCodeIgniter(Object(CodeIgniter\CodeIgniter))
 6 FCPATH\index.php(56): CodeIgniter\Boot::bootWeb(Object(Config\Paths))
CRITICAL - 2024-07-17 11:40:50 --> ArgumentCountError: Too few arguments to function App\Controllers\Classrooms::ClassroomByName(), 0 passed in D:\xampp\htdocs\math-classes\system\CodeIgniter.php on line 933 and exactly 1 expected
[Method: GET, Route: classrooms/classroomname]
in APPPATH\Controllers\Classrooms.php on line 34.
 1 SYSTEMPATH\CodeIgniter.php(933): App\Controllers\Classrooms->ClassroomByName()
 2 SYSTEMPATH\CodeIgniter.php(509): CodeIgniter\CodeIgniter->runController(Object(App\Controllers\Classrooms))
 3 SYSTEMPATH\CodeIgniter.php(355): CodeIgniter\CodeIgniter->handleRequest(null, Object(Config\Cache), false)
 4 SYSTEMPATH\Boot.php(325): CodeIgniter\CodeIgniter->run()
 5 SYSTEMPATH\Boot.php(67): CodeIgniter\Boot::runCodeIgniter(Object(CodeIgniter\CodeIgniter))
 6 FCPATH\index.php(56): CodeIgniter\Boot::bootWeb(Object(Config\Paths))
CRITICAL - 2024-07-17 11:41:13 --> ArgumentCountError: Too few arguments to function App\Controllers\Classrooms::ClassroomByName(), 0 passed in D:\xampp\htdocs\math-classes\system\CodeIgniter.php on line 933 and exactly 1 expected
[Method: GET, Route: classrooms/classroomname]
in APPPATH\Controllers\Classrooms.php on line 34.
 1 SYSTEMPATH\CodeIgniter.php(933): App\Controllers\Classrooms->ClassroomByName()
 2 SYSTEMPATH\CodeIgniter.php(509): CodeIgniter\CodeIgniter->runController(Object(App\Controllers\Classrooms))
 3 SYSTEMPATH\CodeIgniter.php(355): CodeIgniter\CodeIgniter->handleRequest(null, Object(Config\Cache), false)
 4 SYSTEMPATH\Boot.php(325): CodeIgniter\CodeIgniter->run()
 5 SYSTEMPATH\Boot.php(67): CodeIgniter\Boot::runCodeIgniter(Object(CodeIgniter\CodeIgniter))
 6 FCPATH\index.php(56): CodeIgniter\Boot::bootWeb(Object(Config\Paths))
CRITICAL - 2024-07-17 11:41:16 --> ArgumentCountError: Too few arguments to function App\Controllers\Classrooms::ClassroomByName(), 0 passed in D:\xampp\htdocs\math-classes\system\CodeIgniter.php on line 933 and exactly 1 expected
[Method: GET, Route: classrooms/classroomname]
in APPPATH\Controllers\Classrooms.php on line 34.
 1 SYSTEMPATH\CodeIgniter.php(933): App\Controllers\Classrooms->ClassroomByName()
 2 SYSTEMPATH\CodeIgniter.php(509): CodeIgniter\CodeIgniter->runController(Object(App\Controllers\Classrooms))
 3 SYSTEMPATH\CodeIgniter.php(355): CodeIgniter\CodeIgniter->handleRequest(null, Object(Config\Cache), false)
 4 SYSTEMPATH\Boot.php(325): CodeIgniter\CodeIgniter->run()
 5 SYSTEMPATH\Boot.php(67): CodeIgniter\Boot::runCodeIgniter(Object(CodeIgniter\CodeIgniter))
 6 FCPATH\index.php(56): CodeIgniter\Boot::bootWeb(Object(Config\Paths))
CRITICAL - 2024-07-17 11:42:01 --> ArgumentCountError: Too few arguments to function App\Controllers\Classrooms::ClassroomByName(), 0 passed in D:\xampp\htdocs\math-classes\system\CodeIgniter.php on line 933 and exactly 1 expected
[Method: GET, Route: classrooms/classroomname]
in APPPATH\Controllers\Classrooms.php on line 34.
 1 SYSTEMPATH\CodeIgniter.php(933): App\Controllers\Classrooms->ClassroomByName()
 2 SYSTEMPATH\CodeIgniter.php(509): CodeIgniter\CodeIgniter->runController(Object(App\Controllers\Classrooms))
 3 SYSTEMPATH\CodeIgniter.php(355): CodeIgniter\CodeIgniter->handleRequest(null, Object(Config\Cache), false)
 4 SYSTEMPATH\Boot.php(325): CodeIgniter\CodeIgniter->run()
 5 SYSTEMPATH\Boot.php(67): CodeIgniter\Boot::runCodeIgniter(Object(CodeIgniter\CodeIgniter))
 6 FCPATH\index.php(56): CodeIgniter\Boot::bootWeb(Object(Config\Paths))
CRITICAL - 2024-07-17 11:42:25 --> ArgumentCountError: Too few arguments to function App\Controllers\Classrooms::ClassroomByName(), 0 passed in D:\xampp\htdocs\math-classes\system\CodeIgniter.php on line 933 and exactly 1 expected
[Method: GET, Route: classrooms/classroomname]
in APPPATH\Controllers\Classrooms.php on line 34.
 1 SYSTEMPATH\CodeIgniter.php(933): App\Controllers\Classrooms->ClassroomByName()
 2 SYSTEMPATH\CodeIgniter.php(509): CodeIgniter\CodeIgniter->runController(Object(App\Controllers\Classrooms))
 3 SYSTEMPATH\CodeIgniter.php(355): CodeIgniter\CodeIgniter->handleRequest(null, Object(Config\Cache), false)
 4 SYSTEMPATH\Boot.php(325): CodeIgniter\CodeIgniter->run()
 5 SYSTEMPATH\Boot.php(67): CodeIgniter\Boot::runCodeIgniter(Object(CodeIgniter\CodeIgniter))
 6 FCPATH\index.php(56): CodeIgniter\Boot::bootWeb(Object(Config\Paths))
CRITICAL - 2024-07-17 11:42:32 --> ArgumentCountError: Too few arguments to function App\Controllers\Classrooms::ClassroomByName(), 0 passed in D:\xampp\htdocs\math-classes\system\CodeIgniter.php on line 933 and exactly 1 expected
[Method: GET, Route: classrooms/classroomname]
in APPPATH\Controllers\Classrooms.php on line 34.
 1 SYSTEMPATH\CodeIgniter.php(933): App\Controllers\Classrooms->ClassroomByName()
 2 SYSTEMPATH\CodeIgniter.php(509): CodeIgniter\CodeIgniter->runController(Object(App\Controllers\Classrooms))
 3 SYSTEMPATH\CodeIgniter.php(355): CodeIgniter\CodeIgniter->handleRequest(null, Object(Config\Cache), false)
 4 SYSTEMPATH\Boot.php(325): CodeIgniter\CodeIgniter->run()
 5 SYSTEMPATH\Boot.php(67): CodeIgniter\Boot::runCodeIgniter(Object(CodeIgniter\CodeIgniter))
 6 FCPATH\index.php(56): CodeIgniter\Boot::bootWeb(Object(Config\Paths))
CRITICAL - 2024-07-17 11:43:08 --> ArgumentCountError: Too few arguments to function App\Controllers\Classrooms::ClassroomByName(), 0 passed in D:\xampp\htdocs\math-classes\system\CodeIgniter.php on line 933 and exactly 1 expected
[Method: GET, Route: classrooms/classroomname]
in APPPATH\Controllers\Classrooms.php on line 34.
 1 SYSTEMPATH\CodeIgniter.php(933): App\Controllers\Classrooms->ClassroomByName()
 2 SYSTEMPATH\CodeIgniter.php(509): CodeIgniter\CodeIgniter->runController(Object(App\Controllers\Classrooms))
 3 SYSTEMPATH\CodeIgniter.php(355): CodeIgniter\CodeIgniter->handleRequest(null, Object(Config\Cache), false)
 4 SYSTEMPATH\Boot.php(325): CodeIgniter\CodeIgniter->run()
 5 SYSTEMPATH\Boot.php(67): CodeIgniter\Boot::runCodeIgniter(Object(CodeIgniter\CodeIgniter))
 6 FCPATH\index.php(56): CodeIgniter\Boot::bootWeb(Object(Config\Paths))
CRITICAL - 2024-07-17 11:43:35 --> TypeError: Cannot access offset of type string on string
[Method: GET, Route: classrooms/classroomname]
in APPPATH\Controllers\Classrooms.php on line 42.
 1 SYSTEMPATH\CodeIgniter.php(933): App\Controllers\Classrooms->ClassroomByName()
 2 SYSTEMPATH\CodeIgniter.php(509): CodeIgniter\CodeIgniter->runController(Object(App\Controllers\Classrooms))
 3 SYSTEMPATH\CodeIgniter.php(355): CodeIgniter\CodeIgniter->handleRequest(null, Object(Config\Cache), false)
 4 SYSTEMPATH\Boot.php(325): CodeIgniter\CodeIgniter->run()
 5 SYSTEMPATH\Boot.php(67): CodeIgniter\Boot::runCodeIgniter(Object(CodeIgniter\CodeIgniter))
 6 FCPATH\index.php(56): CodeIgniter\Boot::bootWeb(Object(Config\Paths))
CRITICAL - 2024-07-17 11:44:24 --> TypeError: Cannot access offset of type string on string
[Method: GET, Route: classrooms/classroomname]
in APPPATH\Controllers\Classrooms.php on line 42.
 1 SYSTEMPATH\CodeIgniter.php(933): App\Controllers\Classrooms->ClassroomByName()
 2 SYSTEMPATH\CodeIgniter.php(509): CodeIgniter\CodeIgniter->runController(Object(App\Controllers\Classrooms))
 3 SYSTEMPATH\CodeIgniter.php(355): CodeIgniter\CodeIgniter->handleRequest(null, Object(Config\Cache), false)
 4 SYSTEMPATH\Boot.php(325): CodeIgniter\CodeIgniter->run()
 5 SYSTEMPATH\Boot.php(67): CodeIgniter\Boot::runCodeIgniter(Object(CodeIgniter\CodeIgniter))
 6 FCPATH\index.php(56): CodeIgniter\Boot::bootWeb(Object(Config\Paths))
CRITICAL - 2024-07-17 11:46:27 --> ErrorException: Undefined variable $classroom
[Method: GET, Route: classrooms/classroomname]
in APPPATH\Controllers\Classrooms.php on line 44.
 1 APPPATH\Controllers\Classrooms.php(44): CodeIgniter\Debug\Exceptions->errorHandler(2, 'Undefined variable $classroom', 'D:\\xampp\\htdocs\\math-classes\\app\\Controllers\\Classrooms.php', 44)
 2 SYSTEMPATH\CodeIgniter.php(933): App\Controllers\Classrooms->ClassroomByName()
 3 SYSTEMPATH\CodeIgniter.php(509): CodeIgniter\CodeIgniter->runController(Object(App\Controllers\Classrooms))
 4 SYSTEMPATH\CodeIgniter.php(355): CodeIgniter\CodeIgniter->handleRequest(null, Object(Config\Cache), false)
 5 SYSTEMPATH\Boot.php(325): CodeIgniter\CodeIgniter->run()
 6 SYSTEMPATH\Boot.php(67): CodeIgniter\Boot::runCodeIgniter(Object(CodeIgniter\CodeIgniter))
 7 FCPATH\index.php(56): CodeIgniter\Boot::bootWeb(Object(Config\Paths))
